t=2025-09-10T16:40:02+0000 lvl=warn msg="failed to get home directory, using $HOME instead" err="user: Current requires cgo or $USER set in environment" $HOME=/data/data/com.termux/files/home
t=2025-09-10T16:40:02+0000 lvl=info msg="no configuration paths supplied"
t=2025-09-10T16:40:02+0000 lvl=info msg="ignoring default config path, could not stat it" path=/data/data/com.termux/files/home/.ngrok2/ngrok.yml err="stat /data/data/com.termux/files/home/.ngrok2/ngrok.yml: no such file or directory"
t=2025-09-10T16:40:02+0000 lvl=info msg="starting web service" obj=web addr=127.0.0.1:4040
t=2025-09-10T16:40:02+0000 lvl=eror msg="failed to reconnect session" obj=csess id=17acbb262197 err="dial tcp: lookup tunnel.us.ngrok.com on [::1]:53: read udp [::1]:33626->[::1]:53: read: connection refused"
t=2025-09-10T16:40:03+0000 lvl=eror msg="failed to reconnect session" obj=csess id=17acbb262197 err="dial tcp: lookup tunnel.us.ngrok.com on [::1]:53: read udp [::1]:51775->[::1]:53: read: connection refused"
t=2025-09-10T16:40:04+0000 lvl=warn msg="failed to check for update" obj=updater err="Post \"https://update.equinox.io/check\": dial tcp: lookup update.equinox.io on [::1]:53: read udp [::1]:53535->[::1]:53: read: connection refused"
t=2025-09-10T16:40:04+0000 lvl=eror msg="failed to reconnect session" obj=csess id=17acbb262197 err="Get \"https://dns.google.com/resolve?cd=true&name=tunnel.us.ngrok.com&type=AAAA\": dial tcp: lookup dns.google.com on [::1]:53: read udp [::1]:53074->[::1]:53: read: connection refused"
t=2025-09-10T16:40:05+0000 lvl=eror msg="failed to reconnect session" obj=csess id=17acbb262197 err="Get \"https://s3.amazonaws.com/dns.ngrok.com/tunnel.json\": dial tcp: lookup s3.amazonaws.com on [::1]:53: read udp [::1]:51406->[::1]:53: read: connection refused"
t=2025-09-10T16:40:07+0000 lvl=eror msg="failed to reconnect session" obj=csess id=17acbb262197 err="resolved tunnel.us.ngrok.com has no records"
t=2025-09-10T16:40:09+0000 lvl=eror msg="failed to reconnect session" obj=csess id=17acbb262197 err="dial tcp: lookup tunnel.us.ngrok.com on [::1]:53: read udp [::1]:60470->[::1]:53: read: connection refused"
t=2025-09-10T16:40:13+0000 lvl=eror msg="failed to reconnect session" obj=csess id=17acbb262197 err="Get \"https://dns.google.com/resolve?cd=true&name=tunnel.us.ngrok.com&type=A\": dial tcp: lookup dns.google.com on [::1]:53: read udp [::1]:38661->[::1]:53: read: connection refused"
t=2025-09-10T16:40:17+0000 lvl=eror msg="failed to reconnect session" obj=csess id=17acbb262197 err="Get \"https://s3.amazonaws.com/dns.ngrok.com/tunnel.json\": dial tcp: lookup s3.amazonaws.com on [::1]:53: read udp [::1]:51204->[::1]:53: read: connection refused"
t=2025-09-10T16:40:26+0000 lvl=eror msg="failed to reconnect session" obj=csess id=17acbb262197 err="resolved tunnel.us.ngrok.com has no records"
t=2025-09-10T16:40:37+0000 lvl=eror msg="failed to reconnect session" obj=csess id=17acbb262197 err="dial tcp: lookup tunnel.us.ngrok.com on [::1]:53: read udp [::1]:44575->[::1]:53: read: connection refused"
t=2025-09-10T16:40:55+0000 lvl=eror msg="failed to reconnect session" obj=csess id=17acbb262197 err="dial tcp: lookup tunnel.us.ngrok.com on [::1]:53: read udp [::1]:52492->[::1]:53: read: connection refused"
t=2025-09-10T16:41:19+0000 lvl=eror msg="failed to reconnect session" obj=csess id=17acbb262197 err="dial tcp: lookup tunnel.us.ngrok.com on [::1]:53: read udp [::1]:32898->[::1]:53: read: connection refused"
t=2025-09-10T16:41:49+0000 lvl=eror msg="failed to reconnect session" obj=csess id=17acbb262197 err="Get \"https://dns.google.com/resolve?cd=true&name=tunnel.us.ngrok.com&type=AAAA\": dial tcp: lookup dns.google.com on [::1]:53: read udp [::1]:53039->[::1]:53: read: connection refused"
t=2025-09-10T16:42:20+0000 lvl=eror msg="failed to reconnect session" obj=csess id=17acbb262197 err="Get \"https://s3.amazonaws.com/dns.ngrok.com/tunnel.json\": dial tcp: lookup s3.amazonaws.com on [::1]:53: read udp [::1]:55638->[::1]:53: read: connection refused"
t=2025-09-10T16:42:50+0000 lvl=eror msg="failed to reconnect session" obj=csess id=17acbb262197 err="resolved tunnel.us.ngrok.com has no records"
t=2025-09-10T16:43:20+0000 lvl=eror msg="failed to reconnect session" obj=csess id=17acbb262197 err="dial tcp: lookup tunnel.us.ngrok.com on [::1]:53: read udp [::1]:33511->[::1]:53: read: connection refused"
t=2025-09-10T16:43:50+0000 lvl=eror msg="failed to reconnect session" obj=csess id=17acbb262197 err="Get \"https://dns.google.com/resolve?cd=true&name=tunnel.us.ngrok.com&type=A\": dial tcp: lookup dns.google.com on [::1]:53: read udp [::1]:49677->[::1]:53: read: connection refused"
t=2025-09-10T16:44:20+0000 lvl=eror msg="failed to reconnect session" obj=csess id=17acbb262197 err="Get \"https://s3.amazonaws.com/dns.ngrok.com/tunnel.json\": dial tcp: lookup s3.amazonaws.com on [::1]:53: read udp [::1]:57324->[::1]:53: read: connection refused"
t=2025-09-10T16:44:50+0000 lvl=eror msg="failed to reconnect session" obj=csess id=17acbb262197 err="resolved tunnel.us.ngrok.com has no records"
t=2025-09-10T16:45:20+0000 lvl=eror msg="failed to reconnect session" obj=csess id=17acbb262197 err="dial tcp: lookup tunnel.us.ngrok.com on [::1]:53: read udp [::1]:48649->[::1]:53: read: connection refused"
t=2025-09-10T16:45:51+0000 lvl=eror msg="failed to reconnect session" obj=csess id=17acbb262197 err="dial tcp: lookup tunnel.us.ngrok.com on [::1]:53: read udp [::1]:60243->[::1]:53: read: connection refused"
t=2025-09-10T16:46:21+0000 lvl=eror msg="failed to reconnect session" obj=csess id=17acbb262197 err="dial tcp: lookup tunnel.us.ngrok.com on [::1]:53: read udp [::1]:36450->[::1]:53: read: connection refused"
t=2025-09-10T16:46:51+0000 lvl=eror msg="failed to reconnect session" obj=csess id=17acbb262197 err="Get \"https://dns.google.com/resolve?cd=true&name=tunnel.us.ngrok.com&type=A\": dial tcp: lookup dns.google.com on [::1]:53: read udp [::1]:53924->[::1]:53: read: connection refused"
t=2025-09-10T16:47:21+0000 lvl=eror msg="failed to reconnect session" obj=csess id=17acbb262197 err="Get \"https://s3.amazonaws.com/dns.ngrok.com/tunnel.json\": dial tcp: lookup s3.amazonaws.com on [::1]:53: read udp [::1]:45527->[::1]:53: read: connection refused"
t=2025-09-10T16:47:51+0000 lvl=eror msg="failed to reconnect session" obj=csess id=17acbb262197 err="resolved tunnel.us.ngrok.com has no records"
t=2025-09-10T16:48:21+0000 lvl=eror msg="failed to reconnect session" obj=csess id=17acbb262197 err="dial tcp: lookup tunnel.us.ngrok.com on [::1]:53: read udp [::1]:38370->[::1]:53: read: connection refused"
t=2025-09-10T16:48:51+0000 lvl=eror msg="failed to reconnect session" obj=csess id=17acbb262197 err="Get \"https://dns.google.com/resolve?cd=true&name=tunnel.us.ngrok.com&type=AAAA\": dial tcp: lookup dns.google.com on [::1]:53: read udp [::1]:43895->[::1]:53: read: connection refused"
t=2025-09-10T16:49:21+0000 lvl=eror msg="failed to reconnect session" obj=csess id=17acbb262197 err="Get \"https://s3.amazonaws.com/dns.ngrok.com/tunnel.json\": dial tcp: lookup s3.amazonaws.com on [::1]:53: read udp [::1]:37624->[::1]:53: read: connection refused"
t=2025-09-10T16:49:51+0000 lvl=eror msg="failed to reconnect session" obj=csess id=17acbb262197 err="resolved tunnel.us.ngrok.com has no records"
